<?xml version="1.0" encoding="UTF-8"?>
<!-- Generated by org.testng.reporters.JUnitReportReporter -->
<testsuite hostname="Deepak" failures="0" tests="2" name="ConduitProfilePageTest" time="5.113" errors="0" timestamp="2023-03-17T17:44:29 IST" skipped="0">
  <testcase classname="ConduitProfilePageTest" name="assertForUserInfoUnderProfileSection" time="2.409"/>
  <system-out/>
  <testcase classname="ConduitProfilePageTest" name="assertForUserProfileSettingsSection" time="2.704"/>
  <system-out/>
</testsuite> <!-- ConduitProfilePageTest -->
