<?xml version="1.0" encoding="UTF-8"?>
<!-- Generated by org.testng.reporters.JUnitReportReporter -->
<testsuite hostname="Deepak" failures="0" tests="1" name="ConduitSettingsTest" time="16.688" errors="0" timestamp="2023-03-17T17:44:29 IST" skipped="0">
  <testcase classname="ConduitSettingsTest" name="assertThatSettingsPageIsAccessible" time="16.688"/>
  <system-out/>
</testsuite> <!-- ConduitSettingsTest -->
