<?xml version="1.0" encoding="UTF-8"?>
<!-- Generated by org.testng.reporters.JUnitReportReporter -->
<testsuite hostname="Deepak" failures="0" tests="6" name="ConduitEditorPageTest" time="130.424" errors="0" timestamp="2023-03-17T17:44:29 IST" skipped="0">
  <testcase classname="ConduitEditorPageTest" name="assertForDeleteArticleButtonNotVisibleNonAuthorArticle" time="20.513"/>
  <system-out/>
  <testcase classname="ConduitEditorPageTest" name="assertForDeletingArticle" time="23.540"/>
  <system-out/>
  <testcase classname="ConduitEditorPageTest" name="assertForSavingOfNewCommentUsingCommentSection" time="24.552"/>
  <system-out/>
  <testcase classname="ConduitEditorPageTest" name="assertForAddingNewArticle" time="20.858"/>
  <system-out/>
  <testcase classname="ConduitEditorPageTest" name="assertForEditingSavedArticle" time="20.979"/>
  <system-out/>
  <testcase classname="ConduitEditorPageTest" name="assertForCommentSectionSavedArticle" time="19.982"/>
  <system-out/>
</testsuite> <!-- ConduitEditorPageTest -->
