<?xml version="1.0" encoding="UTF-8"?>
<!-- Generated by org.testng.reporters.JUnitReportReporter -->
<testsuite hostname="Deepak" failures="0" tests="4" name="ConduitHomePageTest" time="65.627" errors="0" timestamp="2023-03-17T17:44:29 IST" skipped="0">
  <testcase classname="ConduitHomePageTest" name="assertThatListTagsGreaterThan100" time="14.356"/>
  <system-out/>
  <testcase classname="ConduitHomePageTest" name="assertThatNumberOfArticlesInSpecificTag" time="16.783"/>
  <system-out/>
  <testcase classname="ConduitHomePageTest" name="assertThatNumberOfArticlesEquals10GlobalFeed" time="15.586"/>
  <system-out/>
  <testcase classname="ConduitHomePageTest" name="assertPaginationHomePage" time="18.902"/>
  <system-out/>
</testsuite> <!-- ConduitHomePageTest -->
